Wed Jul  9 03:29:16 UTC 2025: Workflow completed, ch.yaml updated: yes
Wed Jul  9 03:40:08 UTC 2025: Workflow completed, ch.yaml updated: yes
Wed Jul  9 03:52:11 UTC 2025: Workflow completed, ch.yaml updated: yes
Wed Jul  9 03:57:09 UTC 2025: Workflow completed, ch.yaml updated: no
Wed Jul  9 03:58:53 UTC 2025: Workflow completed, ch.yaml updated: no
Wed Jul  9 04:02:01 UTC 2025: Workflow completed, ch.yaml updated: no
Wed Jul  9 04:21:30 UTC 2025: Workflow completed, ch.yaml updated: true
Wed Jul  9 04:31:33 UTC 2025: Workflow completed, ch.yaml updated: true
Wed Jul  9 04:39:57 UTC 2025: Workflow completed, ch.yaml updated: true
Thu Jul 10 03:53:32 UTC 2025: Workflow completed, ch.yaml updated: true
Fri Jul 11 03:58:52 UTC 2025: Workflow completed, ch.yaml updated: false
Sat Jul 12 03:54:21 UTC 2025: Workflow completed, ch.yaml updated: false
Sun Jul 13 04:00:46 UTC 2025: Workflow completed, ch.yaml updated: false
Mon Jul 14 04:03:24 UTC 2025: Workflow completed, ch.yaml updated: false
Tue Jul 15 04:00:03 UTC 2025: Workflow completed, ch.yaml updated: false
Wed Jul 16 03:58:43 UTC 2025: Workflow completed, ch.yaml updated: false
Thu Jul 17 03:58:13 UTC 2025: Workflow completed, ch.yaml updated: false
Fri Jul 18 04:00:15 UTC 2025: Workflow completed, ch.yaml updated: false
Sat Jul 19 03:53:45 UTC 2025: Workflow completed, ch.yaml updated: false
Sun Jul 20 04:06:03 UTC 2025: Workflow completed, ch.yaml updated: false
Mon Jul 21 04:05:25 UTC 2025: Workflow completed, ch.yaml updated: false
Tue Jul 22 04:00:22 UTC 2025: Workflow completed, ch.yaml updated: false
Wed Jul 23 04:01:47 UTC 2025: Workflow completed, ch.yaml updated: false
Thu Jul 24 04:00:39 UTC 2025: Workflow completed, ch.yaml updated: false
Fri Jul 25 04:00:17 UTC 2025: Workflow completed, ch.yaml updated: false
Sat Jul 26 03:58:16 UTC 2025: Workflow completed, ch.yaml updated: false
Sun Jul 27 04:07:02 UTC 2025: Workflow completed, ch.yaml updated: false
Mon Jul 28 04:07:11 UTC 2025: Workflow completed, ch.yaml updated: false
